Arguments: 
  C:\Program Files\nodejs\node.exe C:\Users\vinic\AppData\Roaming\npm\node_modules\yarn\bin\yarn.js add @types/router

PATH: 
  C:\Program Files\Microsoft MPI\Bin\;C:\Users\vinic\AppData\Local\Programs\Python\Python311\Scripts\;C:\Users\vinic\AppData\Local\Programs\Python\Python311\;C:\Program Files\Common Files\Oracle\Java\javapath;C:\Program Files (x86)\Common Files\Oracle\Java\javapath;C:\Windows\system32;C:\Windows;C:\Windows\System32\Wbem;C:\Windows\System32\WindowsPowerShell\v1.0\;C:\Windows\System32\OpenSSH\;C:\Program Files\Git\cmd;C:\Program Files\Docker\Docker\resources\bin;C:\Program Files (x86)\Microsoft SQL Server\160\Tools\Binn\;C:\Program Files\Microsoft SQL Server\160\Tools\Binn\;C:\Program Files\Microsoft SQL Server\Client SDK\ODBC\170\Tools\Binn\;C:\Program Files\Microsoft SQL Server\160\DTS\Binn\;C:\ProgramData\chocolatey\bin; .;C:\Program Files\nodejs;C:\Program Files\Java\jdk-11.0.16.1\bin;C:\Users\vinic\Documents\;C:\Program Files (x86)\Microsoft SQL Server\160\DTS\Binn\;C:\Program Files\Azure Data Studio\bin;C:\Program Files\dotnet\;C:\Program Files\MySQL\MySQL Shell 8.0\bin\;C:\Users\vinic\AppData\Local\Microsoft\WindowsApps;C:\Users\vinic\AppData\Local\GitHubDesktop\bin;C:\Users\vinic\AppData\Local\Programs\Microsoft VS Code\bin;C:\Program Files\vtex\bin;C:\Users\vinic\AppData\Roaming\nvm;C:\Program Files\nodejs;C:\Users\vinic\AppData\Roaming\npm;C:\Program Files\Azure Data Studio\bin;D:\Program Files (x86)\mongosh\

Yarn version: 
  1.22.19

Node version: 
  16.20.1

Platform: 
  win32 x64

Trace: 
  Error: https://registry.yarnpkg.com/@types%2frouter: Not found
      at Request.params.callback [as _callback] (C:\Users\vinic\AppData\Roaming\npm\node_modules\yarn\lib\cli.js:66145:18)
      at Request.self.callback (C:\Users\vinic\AppData\Roaming\npm\node_modules\yarn\lib\cli.js:140890:22)
      at Request.emit (node:events:513:28)
      at Request.<anonymous> (C:\Users\vinic\AppData\Roaming\npm\node_modules\yarn\lib\cli.js:141862:10)
      at Request.emit (node:events:513:28)
      at IncomingMessage.<anonymous> (C:\Users\vinic\AppData\Roaming\npm\node_modules\yarn\lib\cli.js:141784:12)
      at Object.onceWrapper (node:events:627:28)
      at IncomingMessage.emit (node:events:525:35)
      at endReadableNT (node:internal/streams/readable:1358:12)
      at processTicksAndRejections (node:internal/process/task_queues:83:21)

npm manifest: 
  {
    "name": "projeto-api-typescript",
    "version": "1.0.0",
    "description": "",
    "main": "index.js",
    "scripts": {
      "start": "nodemon",
      "build": "npx tsc",
      "test": "echo \"Error: no test specified\" && exit 1"
    },
    "author": "",
    "license": "ISC",
    "dependencies": {
      "express": "^4.19.2"
    },
    "devDependencies": {
      "@types/express": "^4.17.21",
      "@types/node": "^20.11.30",
      "nodemon": "^3.1.0",
      "ts-node": "^10.9.2"
    }
  }

yarn manifest: 
  No manifest

Lockfile: 
  No lockfile
